[02:30:56] [ServerMain/INFO]: Environment: authHost='https://authserver.mojang.com', accountsHost='https://api.mojang.com', sessionHost='https://sessionserver.mojang.com', servicesHost='https://api.minecraftservices.com', name='PROD'
[02:30:57] [ServerMain/WARN]: Ambiguity between arguments [teleport, location] and [teleport, destination] with inputs: [0.1 -0.5 .9, 0 0 0]
[02:30:57] [ServerMain/WARN]: Ambiguity between arguments [teleport, location] and [teleport, targets] with inputs: [0.1 -0.5 .9, 0 0 0]
[02:30:57] [ServerMain/WARN]: Ambiguity between arguments [teleport, destination] and [teleport, targets] with inputs: [Player, 0123, @e, dd12be42-52a9-4a91-a8a1-11c01849e498]
[02:30:57] [ServerMain/WARN]: Ambiguity between arguments [teleport, targets] and [teleport, destination] with inputs: [Player, 0123, dd12be42-52a9-4a91-a8a1-11c01849e498]
[02:30:57] [ServerMain/WARN]: Ambiguity between arguments [teleport, targets, location] and [teleport, targets, destination] with inputs: [0.1 -0.5 .9, 0 0 0]
[02:30:57] [ServerMain/INFO]: Reloading ResourceManager: Default
[02:30:57] [Worker-Main-12/INFO]: Loaded 7 recipes
[02:30:57] [Worker-Main-12/INFO]: Loaded 1141 advancements
[02:30:59] [ServerMain/ERROR]: Failed to save level .\world
java.io.IOException: 系统找不到指定的路径。
	at java.io.WinNTFileSystem.createFileExclusively(Native Method) ~[?:?]
	at java.io.File.createTempFile(File.java:2170) ~[?:?]
	at djw$a.a(SourceFile:352) ~[server-21w40a.jar:?]
	at djw$a.a(SourceFile:340) ~[server-21w40a.jar:?]
	at net.minecraft.server.Main.main(SourceFile:204) ~[server-21w40a.jar:?]
	at net.minecraft.bundler.Main.lambda$run$0(Main.java:49) ~[?:?]
	at java.lang.Thread.run(Thread.java:833) [?:?]
[02:30:59] [Server thread/INFO]: Starting minecraft server version 21w40a
[02:30:59] [Server thread/INFO]: Loading properties
[02:30:59] [Server thread/INFO]: Default game type: SURVIVAL
[02:30:59] [Server thread/INFO]: Generating keypair
[02:30:59] [Server thread/INFO]: Starting Minecraft server on *:25565
[02:30:59] [Server thread/INFO]: Using default channel type
[02:31:00] [Server thread/INFO]: Preparing level "world"
