[14:16:25] [Render thread/INFO]: Environment: authHost='https://authserver.mojang.com', accountsHost='https://api.mojang.com', sessionHost='https://sessionserver.mojang.com', servicesHost='https://api.minecraftservices.com', name='PROD'
[14:16:26] [Render thread/ERROR]: Failed to verify authentication
com.mojang.authlib.exceptions.InvalidCredentialsException: Status: 401
	at com.mojang.authlib.exceptions.MinecraftClientHttpException.toAuthenticationException(MinecraftClientHttpException.java:56) ~[authlib-3.0.35.jar:?]
	at com.mojang.authlib.yggdrasil.YggdrasilUserApiService.checkPrivileges(YggdrasilUserApiService.java:125) ~[authlib-3.0.35.jar:?]
	at com.mojang.authlib.yggdrasil.YggdrasilUserApiService.<init>(YggdrasilUserApiService.java:47) ~[authlib-3.0.35.jar:?]
	at com.mojang.authlib.yggdrasil.YggdrasilAuthenticationService.createUserApiService(YggdrasilAuthenticationService.java:153) ~[authlib-3.0.35.jar:?]
	at dwq.a(SourceFile:672) [client.jar:?]
	at dwq.<init>(SourceFile:431) [client.jar:?]
	at net.minecraft.client.main.Main.main(SourceFile:199) [client.jar:?]
Caused by: com.mojang.authlib.exceptions.MinecraftClientHttpException: Status: 401
	at com.mojang.authlib.minecraft.client.MinecraftClient.readInputStream(MinecraftClient.java:78) ~[authlib-3.0.35.jar:?]
	at com.mojang.authlib.minecraft.client.MinecraftClient.get(MinecraftClient.java:48) ~[authlib-3.0.35.jar:?]
	at com.mojang.authlib.yggdrasil.YggdrasilUserApiService.checkPrivileges(YggdrasilUserApiService.java:117) ~[authlib-3.0.35.jar:?]
	... 5 more
[14:16:26] [Render thread/INFO]: Setting user: zhuaidada
[14:16:26] [Render thread/INFO]: Backend library: LWJGL version 3.2.2 build 10
[14:16:29] [Render thread/INFO]: Narrator library for x64 successfully loaded
[14:16:29] [Render thread/INFO]: Reloading ResourceManager: Default
[14:16:30] [Realms Notification Availability checker #1/INFO]: Could not authorize you against Realms server: Invalid session id
[14:16:30] [Render thread/INFO]: Stopping!
[14:16:30] [Render thread/ERROR]: Shutdown failure!
java.util.ConcurrentModificationException: null
	at java.util.HashMap.forEach(HashMap.java:1428) ~[?:?]
	at eyq.close(SourceFile:173) ~[client.jar:?]
	at dwq.close(SourceFile:1045) [client.jar:?]
	at dwq.l(SourceFile:1024) [client.jar:?]
	at net.minecraft.client.main.Main.main(SourceFile:254) [client.jar:?]
